2025-04-09 18:43:13,510 INFO o.a.j.u.JMeterUtils: Setting Locale to en_EN
2025-04-09 18:43:13,541 INFO o.a.j.JMeter: Loading user properties from: C:\Tools\JMeter\apache-jmeter-5.6.3\bin\user.properties
2025-04-09 18:43:13,541 INFO o.a.j.JMeter: Loading system properties from: C:\Tools\JMeter\apache-jmeter-5.6.3\bin\system.properties
2025-04-09 18:43:13,556 INFO o.a.j.JMeter: Copyright (c) 1998-2024 The Apache Software Foundation
2025-04-09 18:43:13,556 INFO o.a.j.JMeter: Version 5.6.3
2025-04-09 18:43:13,556 INFO o.a.j.JMeter: java.version=17.0.14
2025-04-09 18:43:13,556 INFO o.a.j.JMeter: java.vm.name=OpenJDK 64-Bit Server VM
2025-04-09 18:43:13,556 INFO o.a.j.JMeter: os.name=Windows 11
2025-04-09 18:43:13,556 INFO o.a.j.JMeter: os.arch=amd64
2025-04-09 18:43:13,572 INFO o.a.j.JMeter: os.version=10.0
2025-04-09 18:43:13,572 INFO o.a.j.JMeter: file.encoding=Cp1252
2025-04-09 18:43:13,572 INFO o.a.j.JMeter: java.awt.headless=true
2025-04-09 18:43:13,572 INFO o.a.j.JMeter: Max memory     =1073741824
2025-04-09 18:43:13,572 INFO o.a.j.JMeter: Available Processors =4
2025-04-09 18:43:13,572 INFO o.a.j.JMeter: Default Locale=English (EN)
2025-04-09 18:43:13,572 INFO o.a.j.JMeter: JMeter  Locale=English (EN)
2025-04-09 18:43:13,572 INFO o.a.j.JMeter: JMeterHome=C:\Tools\JMeter\apache-jmeter-5.6.3
2025-04-09 18:43:13,572 INFO o.a.j.JMeter: user.dir  =C:\Users\admin\IdeaProjects\CAR RENTAL SERVICE PROJECT\JMeter
2025-04-09 18:43:13,588 INFO o.a.j.JMeter: PWD       =C:\Users\admin\IdeaProjects\CAR RENTAL SERVICE PROJECT\JMeter
2025-04-09 18:43:23,056 INFO o.a.j.JMeter: IP: 192.168.56.1 Name: dell5480 FullName: dell5480
2025-04-09 18:43:23,103 INFO o.a.j.JMeter: Setting property 'jmeter.reportgenerator.outputdir' to:'C:\Users\admin\IdeaProjects\log'
2025-04-09 18:43:23,103 INFO o.a.j.s.FileServer: Default base='C:\Users\admin\IdeaProjects\CAR RENTAL SERVICE PROJECT\JMeter'
2025-04-09 18:43:23,119 INFO o.a.j.s.FileServer: Set new base='C:\Users\admin\IdeaProjects'
2025-04-09 18:43:23,493 INFO o.a.j.s.SaveService: Testplan (JMX) version: 2.2. Testlog (JTL) version: 2.2
2025-04-09 18:43:23,572 INFO o.a.j.s.SaveService: Using SaveService properties version 5.0
2025-04-09 18:43:23,587 INFO o.a.j.s.SaveService: Using SaveService properties file encoding UTF-8
2025-04-09 18:43:23,587 INFO o.a.j.s.SaveService: Loading file: C:\Users\admin\IdeaProjects\Car_rent.jmx
2025-04-09 18:43:23,665 INFO o.a.j.p.h.s.HTTPSamplerBase: Parser for text/html is org.apache.jmeter.protocol.http.parser.LagartoBasedHtmlParser
2025-04-09 18:43:23,665 INFO o.a.j.p.h.s.HTTPSamplerBase: Parser for application/xhtml+xml is org.apache.jmeter.protocol.http.parser.LagartoBasedHtmlParser
2025-04-09 18:43:23,665 INFO o.a.j.p.h.s.HTTPSamplerBase: Parser for application/xml is org.apache.jmeter.protocol.http.parser.LagartoBasedHtmlParser
2025-04-09 18:43:23,665 INFO o.a.j.p.h.s.HTTPSamplerBase: Parser for text/xml is org.apache.jmeter.protocol.http.parser.LagartoBasedHtmlParser
2025-04-09 18:43:23,665 INFO o.a.j.p.h.s.HTTPSamplerBase: Parser for text/vnd.wap.wml is org.apache.jmeter.protocol.http.parser.RegexpHTMLParser
2025-04-09 18:43:23,665 INFO o.a.j.p.h.s.HTTPSamplerBase: Parser for text/css is org.apache.jmeter.protocol.http.parser.CssParser
2025-04-09 18:43:23,759 INFO o.a.j.JMeter: Creating summariser <summary>
2025-04-09 18:43:23,759 INFO o.a.j.r.d.ReportGenerator: ReportGenerator will use for Parsing the separator: ','
2025-04-09 18:43:23,759 INFO o.a.j.r.d.ReportGenerator: Will generate report at end of test from  results file: C:\Users\admin\IdeaProjects\50-60.jtl
2025-04-09 18:43:23,759 INFO o.a.j.r.d.ReportGenerator: Reading report generator properties from: C:\Tools\JMeter\apache-jmeter-5.6.3\bin\reportgenerator.properties
2025-04-09 18:43:23,775 INFO o.a.j.r.d.ReportGenerator: Merging with JMeter properties
2025-04-09 18:43:23,790 INFO o.a.j.r.c.ReportGeneratorConfiguration: Property 'jmeter.reportgenerator.temp_dir' not found, using default value 'temp' instead.
2025-04-09 18:43:23,790 INFO o.a.j.r.c.ReportGeneratorConfiguration: Property 'jmeter.reportgenerator.apdex_per_transaction' not found, using default value 'null' instead.
2025-04-09 18:43:23,790 INFO o.a.j.r.c.ReportGeneratorConfiguration: apdex_per_transaction is empty, not APDEX per transaction customization
2025-04-09 18:43:23,790 INFO o.a.j.r.c.ReportGeneratorConfiguration: Property 'jmeter.reportgenerator.sample_filter' not found, using default value 'null' instead.
2025-04-09 18:43:23,790 INFO o.a.j.r.c.ReportGeneratorConfiguration: Property 'jmeter.reportgenerator.report_title' not found, using default value 'null' instead.
2025-04-09 18:43:23,790 INFO o.a.j.r.c.ReportGeneratorConfiguration: Property 'jmeter.reportgenerator.start_date' not found, using default value 'null' instead.
2025-04-09 18:43:23,790 INFO o.a.j.r.c.ReportGeneratorConfiguration: Property 'jmeter.reportgenerator.end_date' not found, using default value 'null' instead.
2025-04-09 18:43:23,790 INFO o.a.j.r.c.ReportGeneratorConfiguration: Property 'jmeter.reportgenerator.date_format' not found, using default value 'null' instead.
2025-04-09 18:43:23,790 INFO o.a.j.r.c.ReportGeneratorConfiguration: Will use date range start date: null, end date: null
2025-04-09 18:43:23,790 INFO o.a.j.r.c.ReportGeneratorConfiguration: Property 'jmeter.reportgenerator.graph.totalTPS.exclude_controllers' not found, using default value 'false' instead.
2025-04-09 18:43:23,790 INFO o.a.j.r.c.ReportGeneratorConfiguration: Property 'jmeter.reportgenerator.graph.activeThreadsOverTime.exclude_controllers' not found, using default value 'false' instead.
2025-04-09 18:43:23,790 INFO o.a.j.r.c.ReportGeneratorConfiguration: Property 'jmeter.reportgenerator.graph.timeVsThreads.exclude_controllers' not found, using default value 'false' instead.
2025-04-09 18:43:23,790 INFO o.a.j.r.c.ReportGeneratorConfiguration: Property 'jmeter.reportgenerator.graph.responseTimeDistribution.exclude_controllers' not found, using default value 'false' instead.
2025-04-09 18:43:23,790 INFO o.a.j.r.c.ReportGeneratorConfiguration: Property 'jmeter.reportgenerator.graph.transactionsPerSecond.exclude_controllers' not found, using default value 'false' instead.
2025-04-09 18:43:23,790 INFO o.a.j.r.c.ReportGeneratorConfiguration: Property 'jmeter.reportgenerator.graph.responseTimePercentiles.exclude_controllers' not found, using default value 'false' instead.
2025-04-09 18:43:23,790 INFO o.a.j.r.c.ReportGeneratorConfiguration: Property 'jmeter.reportgenerator.graph.responseTimePercentilesOverTime.exclude_controllers' not found, using default value 'false' instead.
2025-04-09 18:43:23,790 INFO o.a.j.r.c.ReportGeneratorConfiguration: Property 'jmeter.reportgenerator.graph.responseTimesOverTime.exclude_controllers' not found, using default value 'false' instead.
2025-04-09 18:43:23,790 INFO o.a.j.r.c.ReportGeneratorConfiguration: Property 'jmeter.reportgenerator.graph.connectTimeOverTime.exclude_controllers' not found, using default value 'false' instead.
2025-04-09 18:43:23,806 INFO o.a.j.r.c.ReportGeneratorConfiguration: Property 'jmeter.reportgenerator.graph.latenciesOverTime.exclude_controllers' not found, using default value 'false' instead.
2025-04-09 18:43:23,806 INFO o.a.j.r.c.ReportGeneratorConfiguration: Property 'jmeter.reportgenerator.exporter.json.filters_only_sample_series' not found, using default value 'true' instead.
2025-04-09 18:43:23,806 INFO o.a.j.r.c.ReportGeneratorConfiguration: Property 'jmeter.reportgenerator.exporter.json.series_filter' not found, using default value '' instead.
2025-04-09 18:43:23,806 INFO o.a.j.r.c.ReportGeneratorConfiguration: Property 'jmeter.reportgenerator.exporter.json.show_controllers_only' not found, using default value 'false' instead.
2025-04-09 18:43:23,806 INFO o.a.j.r.c.ReportGeneratorConfiguration: Property 'jmeter.reportgenerator.exporter.html.filters_only_sample_series' not found, using default value 'true' instead.
2025-04-09 18:43:23,806 INFO o.a.j.r.c.ReportGeneratorConfiguration: Property 'jmeter.reportgenerator.exporter.html.series_filter' not found, using default value '' instead.
2025-04-09 18:43:23,806 INFO o.a.j.r.c.ReportGeneratorConfiguration: Property 'jmeter.reportgenerator.exporter.html.show_controllers_only' not found, using default value 'false' instead.
2025-04-09 18:43:23,822 INFO o.a.j.e.StandardJMeterEngine: Running the test!
2025-04-09 18:43:23,822 INFO o.a.j.s.SampleEvent: List of sample_variables: []
2025-04-09 18:43:23,822 INFO o.a.j.s.SampleEvent: List of sample_variables: []
2025-04-09 18:43:23,837 INFO o.a.j.e.u.CompoundVariable: Note: Function class names must contain the string: '.functions.'
2025-04-09 18:43:23,837 INFO o.a.j.e.u.CompoundVariable: Note: Function class names must not contain the string: '.gui.'
2025-04-09 18:43:23,965 INFO o.a.j.JMeter: Running test (1744217003965)
2025-04-09 18:43:23,997 INFO o.a.j.e.StandardJMeterEngine: Starting ThreadGroup: 1 : Car_rent
2025-04-09 18:43:23,997 INFO o.a.j.e.StandardJMeterEngine: Starting 60 threads for group Car_rent.
2025-04-09 18:43:23,997 INFO o.a.j.e.StandardJMeterEngine: Thread will continue on error
2025-04-09 18:43:23,997 INFO o.a.j.t.ThreadGroup: Starting thread group... number=1 threads=60 ramp-up=1 delayedStart=false
2025-04-09 18:43:24,012 INFO o.a.j.t.JMeterThread: Thread started: Car_rent 1-1
2025-04-09 18:43:24,079 INFO o.a.j.t.JMeterThread: Thread started: Car_rent 1-2
2025-04-09 18:43:24,081 INFO o.a.j.t.JMeterThread: Thread started: Car_rent 1-3
2025-04-09 18:43:24,087 INFO o.a.j.t.JMeterThread: Thread started: Car_rent 1-4
2025-04-09 18:43:24,095 INFO o.a.j.p.h.s.HTTPHCAbstractImpl: Local host = dell5480
2025-04-09 18:43:24,121 INFO o.a.j.t.JMeterThread: Thread started: Car_rent 1-5
2025-04-09 18:43:24,122 INFO o.a.j.t.JMeterThread: Thread started: Car_rent 1-6
2025-04-09 18:43:24,125 INFO o.a.j.t.ThreadGroup: Started thread group number 1
2025-04-09 18:43:24,125 INFO o.a.j.e.StandardJMeterEngine: All thread groups have been started
2025-04-09 18:43:24,126 INFO o.a.j.t.JMeterThread: Thread started: Car_rent 1-7
2025-04-09 18:43:24,135 INFO o.a.j.p.h.s.HTTPHC4Impl: HTTP request retry count = 0
2025-04-09 18:43:24,137 INFO o.a.j.t.JMeterThread: Thread started: Car_rent 1-8
2025-04-09 18:43:24,139 INFO o.a.j.s.SampleResult: Note: Sample TimeStamps are START times
2025-04-09 18:43:24,139 INFO o.a.j.s.SampleResult: sampleresult.default.encoding is set to UTF-8
2025-04-09 18:43:24,139 INFO o.a.j.s.SampleResult: sampleresult.useNanoTime=true
2025-04-09 18:43:24,139 INFO o.a.j.s.SampleResult: sampleresult.nanoThreadSleep=5000
2025-04-09 18:43:24,146 INFO o.a.j.t.JMeterThread: Thread started: Car_rent 1-9
2025-04-09 18:43:24,164 INFO o.a.j.t.JMeterThread: Thread started: Car_rent 1-10
2025-04-09 18:43:24,184 INFO o.a.j.t.JMeterThread: Thread started: Car_rent 1-11
2025-04-09 18:43:24,195 INFO o.a.j.t.JMeterThread: Thread started: Car_rent 1-12
2025-04-09 18:43:24,218 INFO o.a.j.t.JMeterThread: Thread started: Car_rent 1-13
2025-04-09 18:43:24,267 INFO o.a.j.t.JMeterThread: Thread started: Car_rent 1-14
2025-04-09 18:43:24,289 INFO o.a.j.t.JMeterThread: Thread started: Car_rent 1-15
2025-04-09 18:43:24,306 INFO o.a.j.t.JMeterThread: Thread started: Car_rent 1-16
2025-04-09 18:43:24,323 INFO o.a.j.t.JMeterThread: Thread started: Car_rent 1-17
2025-04-09 18:43:24,337 INFO o.a.j.t.JMeterThread: Thread started: Car_rent 1-18
2025-04-09 18:43:24,341 INFO o.a.j.p.h.s.h.LazyLayeredConnectionSocketFactory: Setting up HTTPS TrustAll Socket Factory
2025-04-09 18:43:24,351 INFO o.a.j.u.JsseSSLManager: Using default SSL protocol: TLS
2025-04-09 18:43:24,352 INFO o.a.j.u.JsseSSLManager: SSL session context: per-thread
2025-04-09 18:43:24,352 INFO o.a.j.t.JMeterThread: Thread started: Car_rent 1-19
2025-04-09 18:43:24,370 INFO o.a.j.t.JMeterThread: Thread started: Car_rent 1-20
2025-04-09 18:43:24,387 INFO o.a.j.t.JMeterThread: Thread started: Car_rent 1-21
2025-04-09 18:43:24,404 INFO o.a.j.t.JMeterThread: Thread started: Car_rent 1-22
2025-04-09 18:43:24,437 INFO o.a.j.t.JMeterThread: Thread started: Car_rent 1-23
2025-04-09 18:43:24,463 INFO o.a.j.t.JMeterThread: Thread started: Car_rent 1-24
2025-04-09 18:43:24,490 INFO o.a.j.t.JMeterThread: Thread started: Car_rent 1-25
2025-04-09 18:43:24,518 INFO o.a.j.t.JMeterThread: Thread started: Car_rent 1-26
2025-04-09 18:43:24,566 INFO o.a.j.t.JMeterThread: Thread started: Car_rent 1-27
2025-04-09 18:43:24,577 INFO o.a.j.t.JMeterThread: Thread started: Car_rent 1-28
2025-04-09 18:43:24,579 INFO o.a.j.t.JMeterThread: Thread started: Car_rent 1-29
2025-04-09 18:43:24,579 INFO o.a.j.t.JMeterThread: Thread started: Car_rent 1-31
2025-04-09 18:43:24,579 INFO o.a.j.t.JMeterThread: Thread started: Car_rent 1-30
2025-04-09 18:43:24,581 INFO o.a.j.t.JMeterThread: Thread started: Car_rent 1-32
2025-04-09 18:43:24,593 INFO o.a.j.t.JMeterThread: Thread started: Car_rent 1-33
2025-04-09 18:43:24,606 INFO o.a.j.t.JMeterThread: Thread started: Car_rent 1-34
2025-04-09 18:43:24,651 INFO o.a.j.u.SSLManager: JmeterKeyStore Location:  type JKS
2025-04-09 18:43:24,659 INFO o.a.j.u.SSLManager: KeyStore created OK
2025-04-09 18:43:24,659 WARN o.a.j.u.SSLManager: Keystore file not found, loading empty keystore
2025-04-09 18:43:24,725 INFO o.a.j.t.JMeterThread: Thread started: Car_rent 1-35
2025-04-09 18:43:24,820 INFO o.a.j.t.JMeterThread: Thread started: Car_rent 1-36
2025-04-09 18:43:24,894 INFO o.a.j.t.JMeterThread: Thread started: Car_rent 1-44
2025-04-09 18:43:24,896 INFO o.a.j.t.JMeterThread: Thread started: Car_rent 1-43
2025-04-09 18:43:24,896 INFO o.a.j.t.JMeterThread: Thread started: Car_rent 1-42
2025-04-09 18:43:24,892 INFO o.a.j.t.JMeterThread: Thread started: Car_rent 1-41
2025-04-09 18:43:24,892 INFO o.a.j.t.JMeterThread: Thread started: Car_rent 1-40
2025-04-09 18:43:24,892 INFO o.a.j.t.JMeterThread: Thread started: Car_rent 1-39
2025-04-09 18:43:24,890 INFO o.a.j.t.JMeterThread: Thread started: Car_rent 1-38
2025-04-09 18:43:24,907 INFO o.a.j.t.JMeterThread: Thread started: Car_rent 1-37
2025-04-09 18:43:24,915 INFO o.a.j.t.JMeterThread: Thread started: Car_rent 1-45
2025-04-09 18:43:24,940 INFO o.a.j.t.JMeterThread: Thread started: Car_rent 1-46
2025-04-09 18:43:25,014 INFO o.a.j.t.JMeterThread: Thread started: Car_rent 1-47
2025-04-09 18:43:25,019 INFO o.a.j.t.JMeterThread: Thread started: Car_rent 1-48
2025-04-09 18:43:25,023 INFO o.a.j.t.JMeterThread: Thread started: Car_rent 1-49
2025-04-09 18:43:25,026 INFO o.a.j.t.JMeterThread: Thread started: Car_rent 1-50
2025-04-09 18:43:25,041 INFO o.a.j.t.JMeterThread: Thread started: Car_rent 1-51
2025-04-09 18:43:25,045 INFO o.a.j.t.JMeterThread: Thread started: Car_rent 1-52
2025-04-09 18:43:25,046 INFO o.a.j.t.JMeterThread: Thread started: Car_rent 1-53
2025-04-09 18:43:25,076 INFO o.a.j.t.JMeterThread: Thread started: Car_rent 1-54
2025-04-09 18:43:25,076 INFO o.a.j.t.JMeterThread: Thread started: Car_rent 1-56
2025-04-09 18:43:25,080 INFO o.a.j.t.JMeterThread: Thread started: Car_rent 1-55
2025-04-09 18:43:25,081 INFO o.a.j.t.JMeterThread: Thread started: Car_rent 1-57
2025-04-09 18:43:25,092 INFO o.a.j.t.JMeterThread: Thread started: Car_rent 1-58
2025-04-09 18:43:25,100 INFO o.a.j.t.JMeterThread: Thread started: Car_rent 1-59
2025-04-09 18:43:25,155 INFO o.a.j.t.JMeterThread: Thread started: Car_rent 1-60
2025-04-09 18:43:27,370 INFO o.a.j.t.JMeterThread: Thread is done: Car_rent 1-50
2025-04-09 18:43:27,370 INFO o.a.j.t.JMeterThread: Thread finished: Car_rent 1-50
2025-04-09 18:43:27,972 INFO o.a.j.t.JMeterThread: Thread is done: Car_rent 1-49
2025-04-09 18:43:27,972 INFO o.a.j.t.JMeterThread: Thread finished: Car_rent 1-49
2025-04-09 18:43:28,277 INFO o.a.j.t.JMeterThread: Thread is done: Car_rent 1-38
2025-04-09 18:43:28,277 INFO o.a.j.t.JMeterThread: Thread finished: Car_rent 1-38
2025-04-09 18:43:28,669 INFO o.a.j.t.JMeterThread: Thread is done: Car_rent 1-44
2025-04-09 18:43:28,669 INFO o.a.j.t.JMeterThread: Thread finished: Car_rent 1-44
2025-04-09 18:43:28,766 INFO o.a.j.t.JMeterThread: Thread is done: Car_rent 1-31
2025-04-09 18:43:28,766 INFO o.a.j.t.JMeterThread: Thread finished: Car_rent 1-31
2025-04-09 18:43:28,766 INFO o.a.j.t.JMeterThread: Thread is done: Car_rent 1-27
2025-04-09 18:43:28,766 INFO o.a.j.t.JMeterThread: Thread finished: Car_rent 1-27
2025-04-09 18:43:28,865 INFO o.a.j.t.JMeterThread: Thread is done: Car_rent 1-39
2025-04-09 18:43:28,865 INFO o.a.j.t.JMeterThread: Thread finished: Car_rent 1-39
2025-04-09 18:43:28,865 INFO o.a.j.t.JMeterThread: Thread is done: Car_rent 1-34
2025-04-09 18:43:28,865 INFO o.a.j.t.JMeterThread: Thread finished: Car_rent 1-34
2025-04-09 18:43:28,973 INFO o.a.j.t.JMeterThread: Thread is done: Car_rent 1-16
2025-04-09 18:43:28,973 INFO o.a.j.t.JMeterThread: Thread is done: Car_rent 1-57
2025-04-09 18:43:28,973 INFO o.a.j.t.JMeterThread: Thread finished: Car_rent 1-16
2025-04-09 18:43:28,973 INFO o.a.j.t.JMeterThread: Thread is done: Car_rent 1-56
2025-04-09 18:43:28,973 INFO o.a.j.t.JMeterThread: Thread finished: Car_rent 1-56
2025-04-09 18:43:28,973 INFO o.a.j.t.JMeterThread: Thread finished: Car_rent 1-57
2025-04-09 18:43:28,973 INFO o.a.j.t.JMeterThread: Thread is done: Car_rent 1-1
2025-04-09 18:43:28,973 INFO o.a.j.t.JMeterThread: Thread finished: Car_rent 1-1
2025-04-09 18:43:28,973 INFO o.a.j.t.JMeterThread: Thread is done: Car_rent 1-52
2025-04-09 18:43:28,973 INFO o.a.j.t.JMeterThread: Thread finished: Car_rent 1-52
2025-04-09 18:43:28,973 INFO o.a.j.t.JMeterThread: Thread is done: Car_rent 1-5
2025-04-09 18:43:28,973 INFO o.a.j.t.JMeterThread: Thread finished: Car_rent 1-5
2025-04-09 18:43:28,973 INFO o.a.j.t.JMeterThread: Thread is done: Car_rent 1-17
2025-04-09 18:43:28,973 INFO o.a.j.t.JMeterThread: Thread finished: Car_rent 1-17
2025-04-09 18:43:28,973 INFO o.a.j.t.JMeterThread: Thread is done: Car_rent 1-4
2025-04-09 18:43:28,973 INFO o.a.j.t.JMeterThread: Thread finished: Car_rent 1-4
2025-04-09 18:43:29,066 INFO o.a.j.t.JMeterThread: Thread is done: Car_rent 1-40
2025-04-09 18:43:29,066 INFO o.a.j.t.JMeterThread: Thread finished: Car_rent 1-40
2025-04-09 18:43:29,066 INFO o.a.j.t.JMeterThread: Thread is done: Car_rent 1-12
2025-04-09 18:43:29,066 INFO o.a.j.t.JMeterThread: Thread finished: Car_rent 1-12
2025-04-09 18:43:29,066 INFO o.a.j.t.JMeterThread: Thread is done: Car_rent 1-8
2025-04-09 18:43:29,066 INFO o.a.j.t.JMeterThread: Thread finished: Car_rent 1-8
2025-04-09 18:43:29,081 INFO o.a.j.t.JMeterThread: Thread is done: Car_rent 1-29
2025-04-09 18:43:29,081 INFO o.a.j.t.JMeterThread: Thread finished: Car_rent 1-29
2025-04-09 18:43:29,081 INFO o.a.j.t.JMeterThread: Thread is done: Car_rent 1-58
2025-04-09 18:43:29,081 INFO o.a.j.t.JMeterThread: Thread finished: Car_rent 1-58
2025-04-09 18:43:29,081 INFO o.a.j.t.JMeterThread: Thread is done: Car_rent 1-43
2025-04-09 18:43:29,081 INFO o.a.j.t.JMeterThread: Thread finished: Car_rent 1-43
2025-04-09 18:43:29,081 INFO o.a.j.t.JMeterThread: Thread is done: Car_rent 1-20
2025-04-09 18:43:29,081 INFO o.a.j.t.JMeterThread: Thread finished: Car_rent 1-20
2025-04-09 18:43:29,171 INFO o.a.j.t.JMeterThread: Thread is done: Car_rent 1-33
2025-04-09 18:43:29,171 INFO o.a.j.t.JMeterThread: Thread finished: Car_rent 1-33
2025-04-09 18:43:29,171 INFO o.a.j.t.JMeterThread: Thread is done: Car_rent 1-53
2025-04-09 18:43:29,171 INFO o.a.j.t.JMeterThread: Thread finished: Car_rent 1-53
2025-04-09 18:43:29,171 INFO o.a.j.t.JMeterThread: Thread is done: Car_rent 1-47
2025-04-09 18:43:29,171 INFO o.a.j.t.JMeterThread: Thread finished: Car_rent 1-47
2025-04-09 18:43:29,171 INFO o.a.j.t.JMeterThread: Thread is done: Car_rent 1-19
2025-04-09 18:43:29,171 INFO o.a.j.t.JMeterThread: Thread finished: Car_rent 1-19
2025-04-09 18:43:29,202 INFO o.a.j.t.JMeterThread: Thread is done: Car_rent 1-23
2025-04-09 18:43:29,202 INFO o.a.j.t.JMeterThread: Thread finished: Car_rent 1-23
2025-04-09 18:43:29,265 INFO o.a.j.t.JMeterThread: Thread is done: Car_rent 1-60
2025-04-09 18:43:29,265 INFO o.a.j.t.JMeterThread: Thread finished: Car_rent 1-60
2025-04-09 18:43:29,265 INFO o.a.j.t.JMeterThread: Thread is done: Car_rent 1-30
2025-04-09 18:43:29,265 INFO o.a.j.t.JMeterThread: Thread finished: Car_rent 1-30
2025-04-09 18:43:29,280 INFO o.a.j.t.JMeterThread: Thread is done: Car_rent 1-18
2025-04-09 18:43:29,280 INFO o.a.j.t.JMeterThread: Thread finished: Car_rent 1-18
2025-04-09 18:43:29,280 INFO o.a.j.t.JMeterThread: Thread is done: Car_rent 1-2
2025-04-09 18:43:29,280 INFO o.a.j.t.JMeterThread: Thread finished: Car_rent 1-2
2025-04-09 18:43:29,280 INFO o.a.j.t.JMeterThread: Thread is done: Car_rent 1-15
2025-04-09 18:43:29,280 INFO o.a.j.t.JMeterThread: Thread finished: Car_rent 1-15
2025-04-09 18:43:29,280 INFO o.a.j.t.JMeterThread: Thread is done: Car_rent 1-6
2025-04-09 18:43:29,280 INFO o.a.j.t.JMeterThread: Thread finished: Car_rent 1-6
2025-04-09 18:43:29,354 INFO o.a.j.t.JMeterThread: Thread is done: Car_rent 1-9
2025-04-09 18:43:29,354 INFO o.a.j.t.JMeterThread: Thread finished: Car_rent 1-9
2025-04-09 18:43:29,369 INFO o.a.j.t.JMeterThread: Thread is done: Car_rent 1-41
2025-04-09 18:43:29,369 INFO o.a.j.t.JMeterThread: Thread finished: Car_rent 1-41
2025-04-09 18:43:29,369 INFO o.a.j.t.JMeterThread: Thread is done: Car_rent 1-21
2025-04-09 18:43:29,369 INFO o.a.j.t.JMeterThread: Thread finished: Car_rent 1-21
2025-04-09 18:43:29,369 INFO o.a.j.t.JMeterThread: Thread is done: Car_rent 1-36
2025-04-09 18:43:29,369 INFO o.a.j.t.JMeterThread: Thread finished: Car_rent 1-36
2025-04-09 18:43:29,369 INFO o.a.j.t.JMeterThread: Thread is done: Car_rent 1-54
2025-04-09 18:43:29,369 INFO o.a.j.t.JMeterThread: Thread finished: Car_rent 1-54
2025-04-09 18:43:29,385 INFO o.a.j.t.JMeterThread: Thread is done: Car_rent 1-24
2025-04-09 18:43:29,385 INFO o.a.j.t.JMeterThread: Thread finished: Car_rent 1-24
2025-04-09 18:43:29,463 INFO o.a.j.t.JMeterThread: Thread is done: Car_rent 1-10
2025-04-09 18:43:29,463 INFO o.a.j.t.JMeterThread: Thread finished: Car_rent 1-10
2025-04-09 18:43:29,463 INFO o.a.j.t.JMeterThread: Thread is done: Car_rent 1-37
2025-04-09 18:43:29,463 INFO o.a.j.t.JMeterThread: Thread finished: Car_rent 1-37
2025-04-09 18:43:29,478 INFO o.a.j.t.JMeterThread: Thread is done: Car_rent 1-45
2025-04-09 18:43:29,478 INFO o.a.j.t.JMeterThread: Thread is done: Car_rent 1-3
2025-04-09 18:43:29,478 INFO o.a.j.t.JMeterThread: Thread finished: Car_rent 1-45
2025-04-09 18:43:29,478 INFO o.a.j.t.JMeterThread: Thread finished: Car_rent 1-3
2025-04-09 18:43:29,478 INFO o.a.j.t.JMeterThread: Thread is done: Car_rent 1-14
2025-04-09 18:43:29,478 INFO o.a.j.t.JMeterThread: Thread finished: Car_rent 1-14
2025-04-09 18:43:29,478 INFO o.a.j.t.JMeterThread: Thread is done: Car_rent 1-35
2025-04-09 18:43:29,478 INFO o.a.j.t.JMeterThread: Thread finished: Car_rent 1-35
2025-04-09 18:43:29,478 INFO o.a.j.t.JMeterThread: Thread is done: Car_rent 1-32
2025-04-09 18:43:29,478 INFO o.a.j.t.JMeterThread: Thread finished: Car_rent 1-32
2025-04-09 18:43:29,478 INFO o.a.j.t.JMeterThread: Thread is done: Car_rent 1-42
2025-04-09 18:43:29,478 INFO o.a.j.t.JMeterThread: Thread is done: Car_rent 1-55
2025-04-09 18:43:29,478 INFO o.a.j.t.JMeterThread: Thread finished: Car_rent 1-42
2025-04-09 18:43:29,487 INFO o.a.j.t.JMeterThread: Thread finished: Car_rent 1-55
2025-04-09 18:43:29,487 INFO o.a.j.t.JMeterThread: Thread is done: Car_rent 1-13
2025-04-09 18:43:29,487 INFO o.a.j.t.JMeterThread: Thread finished: Car_rent 1-13
2025-04-09 18:43:29,487 INFO o.a.j.t.JMeterThread: Thread is done: Car_rent 1-7
2025-04-09 18:43:29,487 INFO o.a.j.t.JMeterThread: Thread finished: Car_rent 1-7
2025-04-09 18:43:29,576 INFO o.a.j.t.JMeterThread: Thread is done: Car_rent 1-46
2025-04-09 18:43:29,576 INFO o.a.j.t.JMeterThread: Thread finished: Car_rent 1-46
2025-04-09 18:43:29,576 INFO o.a.j.t.JMeterThread: Thread is done: Car_rent 1-22
2025-04-09 18:43:29,576 INFO o.a.j.t.JMeterThread: Thread finished: Car_rent 1-22
2025-04-09 18:43:29,576 INFO o.a.j.t.JMeterThread: Thread is done: Car_rent 1-59
2025-04-09 18:43:29,576 INFO o.a.j.t.JMeterThread: Thread finished: Car_rent 1-59
2025-04-09 18:43:29,998 INFO o.a.j.t.JMeterThread: Thread is done: Car_rent 1-28
2025-04-09 18:43:29,998 INFO o.a.j.t.JMeterThread: Thread finished: Car_rent 1-28
2025-04-09 18:43:30,061 INFO o.a.j.t.JMeterThread: Thread is done: Car_rent 1-25
2025-04-09 18:43:30,061 INFO o.a.j.t.JMeterThread: Thread finished: Car_rent 1-25
2025-04-09 18:43:30,061 INFO o.a.j.t.JMeterThread: Thread is done: Car_rent 1-48
2025-04-09 18:43:30,061 INFO o.a.j.t.JMeterThread: Thread finished: Car_rent 1-48
2025-04-09 18:43:30,076 INFO o.a.j.t.JMeterThread: Thread is done: Car_rent 1-26
2025-04-09 18:43:30,076 INFO o.a.j.t.JMeterThread: Thread finished: Car_rent 1-26
2025-04-09 18:43:30,076 INFO o.a.j.r.Summariser: summary +    656 in 00:00:06 =  107.6/s Avg:   416 Min:     0 Max:  2759 Err:   480 (73.17%) Active: 2 Started: 60 Finished: 58
2025-04-09 18:43:30,076 INFO o.a.j.t.JMeterThread: Thread is done: Car_rent 1-11
2025-04-09 18:43:30,076 INFO o.a.j.t.JMeterThread: Thread finished: Car_rent 1-11
2025-04-09 18:43:30,076 INFO o.a.j.t.JMeterThread: Thread is done: Car_rent 1-51
2025-04-09 18:43:30,076 INFO o.a.j.t.JMeterThread: Thread finished: Car_rent 1-51
2025-04-09 18:43:30,076 INFO o.a.j.e.StandardJMeterEngine: Notifying test listeners of end of test
2025-04-09 18:43:30,092 INFO o.a.j.r.Summariser: summary +      4 in 00:00:00 =  129.0/s Avg:   347 Min:    93 Max:   436 Err:     0 (0.00%) Active: 0 Started: 60 Finished: 60
2025-04-09 18:43:30,092 INFO o.a.j.r.Summariser: summary =    660 in 00:00:06 =  107.7/s Avg:   415 Min:     0 Max:  2759 Err:   480 (72.73%)
2025-04-09 18:43:30,092 INFO o.a.j.JMeter: Generating Dashboard
2025-04-09 18:43:30,092 INFO o.a.j.r.d.ReportGenerator: Flushing result collector before report Generation
2025-04-09 18:43:30,139 INFO o.a.j.r.p.NormalizerSampleConsumer: Using format, 'ms', to parse timeStamp field
2025-04-09 18:43:30,373 INFO o.a.j.r.p.AbstractSampleConsumer: class org.apache.jmeter.report.processor.AggregateConsumer#stopProducing(): beginDate produced 0 samples
2025-04-09 18:43:30,373 INFO o.a.j.r.p.AbstractSampleConsumer: class org.apache.jmeter.report.processor.AggregateConsumer#stopProducing(): endDate produced 0 samples
2025-04-09 18:43:30,389 INFO o.a.j.r.p.AbstractSampleConsumer: class org.apache.jmeter.report.processor.ApdexSummaryConsumer#stopProducing(): apdexSummary produced 0 samples
2025-04-09 18:43:30,389 INFO o.a.j.r.p.AbstractSampleConsumer: class org.apache.jmeter.report.processor.RequestsSummaryConsumer#stopProducing(): requestsSummary produced 0 samples
2025-04-09 18:43:30,404 INFO o.a.j.r.p.AbstractSampleConsumer: class org.apache.jmeter.report.processor.StatisticsSummaryConsumer#stopProducing(): statisticsSummary produced 0 samples
2025-04-09 18:43:30,404 INFO o.a.j.r.p.AbstractSampleConsumer: class org.apache.jmeter.report.processor.Top5ErrorsBySamplerConsumer#stopProducing(): top5ErrorsBySampler produced 0 samples
2025-04-09 18:43:30,404 INFO o.a.j.r.p.AbstractSampleConsumer: class org.apache.jmeter.report.processor.ErrorsSummaryConsumer#stopProducing(): errorsSummary produced 0 samples
2025-04-09 18:43:30,404 INFO o.a.j.r.p.AbstractSampleConsumer: class org.apache.jmeter.report.processor.graph.impl.HitsPerSecondGraphConsumer#stopProducing(): hitsPerSecond produced 0 samples
2025-04-09 18:43:30,483 INFO o.a.j.r.p.AbstractSampleConsumer: class org.apache.jmeter.report.processor.graph.impl.LatencyVSRequestGraphConsumer#stopProducing(): latencyVsRequest produced 0 samples
2025-04-09 18:43:30,483 INFO o.a.j.r.p.AbstractSampleConsumer: class org.apache.jmeter.report.processor.graph.impl.SyntheticResponseTimeDistributionGraphConsumer#stopProducing(): syntheticResponseTimeDistribution produced 0 samples
2025-04-09 18:43:30,483 INFO o.a.j.r.p.AbstractSampleConsumer: class org.apache.jmeter.report.processor.graph.impl.BytesThroughputGraphConsumer#stopProducing(): bytesThroughputOverTime produced 0 samples
2025-04-09 18:43:30,483 INFO o.a.j.r.p.AbstractSampleConsumer: class org.apache.jmeter.report.processor.graph.impl.CodesPerSecondGraphConsumer#stopProducing(): codesPerSecond produced 0 samples
2025-04-09 18:43:30,529 INFO o.a.j.r.p.AbstractSampleConsumer: class org.apache.jmeter.report.processor.graph.impl.ResponseTimeVSRequestGraphConsumer#stopProducing(): responseTimeVsRequest produced 0 samples
2025-04-09 18:43:30,529 INFO o.a.j.r.p.AbstractSampleConsumer: class org.apache.jmeter.report.processor.FilterConsumer#stopProducing(): startIntervalControlerFilter produced 4620 samples
2025-04-09 18:43:30,529 INFO o.a.j.r.p.AbstractSampleConsumer: class org.apache.jmeter.report.processor.graph.impl.TotalTPSGraphConsumer#stopProducing(): totalTPS produced 0 samples
2025-04-09 18:43:30,529 INFO o.a.j.r.p.AbstractSampleConsumer: class org.apache.jmeter.report.processor.graph.impl.ActiveThreadsGraphConsumer#stopProducing(): activeThreadsOverTime produced 0 samples
2025-04-09 18:43:30,529 INFO o.a.j.r.p.AbstractSampleConsumer: class org.apache.jmeter.report.processor.graph.impl.TimeVSThreadGraphConsumer#stopProducing(): timeVsThreads produced 0 samples
2025-04-09 18:43:30,529 INFO o.a.j.r.p.AbstractSampleConsumer: class org.apache.jmeter.report.processor.graph.impl.ResponseTimeDistributionGraphConsumer#stopProducing(): responseTimeDistribution produced 0 samples
2025-04-09 18:43:30,529 INFO o.a.j.r.p.AbstractSampleConsumer: class org.apache.jmeter.report.processor.graph.impl.TransactionsPerSecondGraphConsumer#stopProducing(): transactionsPerSecond produced 0 samples
2025-04-09 18:43:30,529 INFO o.a.j.r.p.AbstractSampleConsumer: class org.apache.jmeter.report.processor.graph.impl.ResponseTimePercentilesGraphConsumer#stopProducing(): responseTimePercentiles produced 0 samples
2025-04-09 18:43:30,545 INFO o.a.j.r.p.AbstractSampleConsumer: class org.apache.jmeter.report.processor.graph.impl.ResponseTimePercentilesOverTimeGraphConsumer#stopProducing(): responseTimePercentilesOverTime produced 0 samples
2025-04-09 18:43:30,545 INFO o.a.j.r.p.AbstractSampleConsumer: class org.apache.jmeter.report.processor.graph.impl.ResponseTimeOverTimeGraphConsumer#stopProducing(): responseTimesOverTime produced 0 samples
2025-04-09 18:43:30,545 INFO o.a.j.r.p.AbstractSampleConsumer: class org.apache.jmeter.report.processor.graph.impl.ConnectTimeOverTimeGraphConsumer#stopProducing(): connectTimeOverTime produced 0 samples
2025-04-09 18:43:30,545 INFO o.a.j.r.p.AbstractSampleConsumer: class org.apache.jmeter.report.processor.graph.impl.LatencyOverTimeGraphConsumer#stopProducing(): latenciesOverTime produced 0 samples
2025-04-09 18:43:30,545 INFO o.a.j.r.p.AbstractSampleConsumer: class org.apache.jmeter.report.processor.FilterConsumer#stopProducing(): nameFilter produced 9900 samples
2025-04-09 18:43:30,545 INFO o.a.j.r.p.AbstractSampleConsumer: class org.apache.jmeter.report.processor.FilterConsumer#stopProducing(): dateRangeFilter produced 1980 samples
2025-04-09 18:43:30,545 INFO o.a.j.r.p.AbstractSampleConsumer: class org.apache.jmeter.report.processor.NormalizerSampleConsumer#stopProducing(): normalizer produced 660 samples
2025-04-09 18:43:30,545 INFO o.a.j.r.p.CsvFileSampleSource: produce(): 660 samples produced in 375ms on channel 0
2025-04-09 18:43:30,545 INFO o.a.j.r.d.ReportGenerator: Exporting data using exporter:'json' of className:'org.apache.jmeter.report.dashboard.JsonExporter'
2025-04-09 18:43:30,717 INFO o.a.j.r.d.JsonExporter: Found data for consumer statisticsSummary in context
2025-04-09 18:43:30,717 INFO o.a.j.r.d.JsonExporter: Creating statistics for overall
2025-04-09 18:43:30,717 INFO o.a.j.r.d.JsonExporter: Creating statistics for other transactions
2025-04-09 18:43:30,717 INFO o.a.j.r.d.JsonExporter: Checking output folder
2025-04-09 18:43:30,717 INFO o.a.j.r.d.JsonExporter: Writing statistics JSON to C:\Users\admin\IdeaProjects\log\statistics.json
2025-04-09 18:43:30,826 INFO o.a.j.r.d.ReportGenerator: Exporting data using exporter:'html' of className:'org.apache.jmeter.report.dashboard.HtmlTemplateExporter'
2025-04-09 18:43:30,826 INFO o.a.j.r.d.HtmlTemplateExporter: Will generate dashboard in folder: C:\Users\admin\IdeaProjects\log
2025-04-09 18:43:31,248 INFO o.a.j.r.d.HtmlTemplateExporter: Report will be generated in: C:\Users\admin\IdeaProjects\log, creating folder structure
2025-04-09 18:43:31,248 INFO o.a.j.r.d.TemplateVisitor: Copying folder from 'C:\Tools\JMeter\apache-jmeter-5.6.3\bin\report-template' to 'C:\Users\admin\IdeaProjects\log', got message: C:\Users\admin\IdeaProjects\log, found non empty folder with following content [C:\Users\admin\IdeaProjects\log\statistics.json], will be ignored
2025-04-09 18:43:32,186 INFO o.a.j.JMeter: Dashboard generated
